  Army.cpp
  EnemyArmy.cpp
C:\Users\dybme\Desktop\DefenderGame_Unstable\DefenderGame\EnemyArmy.cpp(21,20): warning C4018: '<': signed/unsigned mismatch
C:\Users\dybme\Desktop\DefenderGame_Unstable\DefenderGame\EnemyArmy.cpp(33,20): warning C4018: '<': signed/unsigned mismatch
C:\Users\dybme\Desktop\DefenderGame_Unstable\DefenderGame\EnemyArmy.cpp(41,20): warning C4018: '<': signed/unsigned mismatch
  RovingTraders.cpp
  ScoreKeeper.cpp
  Troops.cpp
  main.cpp
C:\Users\dybme\Desktop\DefenderGame_Unstable\DefenderGame\main.cpp(56,12): warning C4244: 'argument': conversion from 'time_t' to 'unsigned int', possible loss of data
C:\Users\dybme\Desktop\DefenderGame_Unstable\DefenderGame\main.cpp(74,19): warning C4244: '=': conversion from 'double' to 'int', possible loss of data
C:\Users\dybme\Desktop\DefenderGame_Unstable\DefenderGame\main.cpp(98,19): warning C4244: '=': conversion from 'double' to 'int', possible loss of data
C:\Users\dybme\Desktop\DefenderGame_Unstable\DefenderGame\main.cpp(307,20): warning C4018: '<': signed/unsigned mismatch
C:\Users\dybme\Desktop\DefenderGame_Unstable\DefenderGame\main.cpp(319,7): warning C4101: 'buy': unreferenced local variable
  Generating code
  1 of 168 functions ( 0.6%) were compiled, the rest were copied from previous compilation.
    0 functions were new in current compilation
    1 functions had inline decision re-evaluated but remain unchanged
  Finished generating code
  DefenderGame.vcxproj -> C:\Users\dybme\Desktop\DefenderGame_Unstable\Release\DefenderGame.exe
